# JRE version: OpenJDK Runtime Environment Temurin-21.0.10+7 (21.0.10+7) (build 21.0.10+7-LTS)
# Java VM: OpenJDK 64-Bit Server VM Temurin-21.0.10+7 (21.0.10+7-LTS, mixed mode, sharing, tiered, compressed oops, compressed class ptrs, parallel gc, windows-amd64)
GC Precious Log:
 CardTable entry size: 512
 CPUs: 16 total, 16 available
 Memory: 15712M
 Large Page Support: Disabled
 NUMA Support: Disabled
 Compressed Oops: Enabled (32-bit)
 Alignments: Space 512K, Generation 512K, Heap 2M
 Heap Min Capacity: 100M
 Heap Initial Capacity: 100M
 Heap Max Capacity: 2G
 Pre-touch: Disabled
 Parallel Workers: 13
Heap:
 PSYoungGen      total 9216K, used 3700K [0x00000000d5580000, 0x00000000d6000000, 0x0000000100000000)
  eden space 8704K, 36% used [0x00000000d5580000,0x00000000d58a1778,0x00000000d5e00000)
  from space 512K, 96% used [0x00000000d5f00000,0x00000000d5f7baa0,0x00000000d5f80000)
  to   space 512K, 0% used [0x00000000d5f80000,0x00000000d5f80000,0x00000000d6000000)
 ParOldGen       total 68608K, used 64482K [0x0000000080000000, 0x0000000084300000, 0x00000000d5580000)
  object space 68608K, 93% used [0x0000000080000000,0x0000000083ef8bf8,0x0000000084300000)
 Metaspace       used 72796K, committed 74368K, reserved 1114112K
  class space    used 9013K, committed 9728K, reserved 1048576K
GC Heap History (20 events):
Event: 64.071 GC heap before
{Heap before GC invocations=80 (full 3):
 PSYoungGen      total 13312K, used 12800K [0x00000000d5580000, 0x00000000d6400000, 0x0000000100000000)
  eden space 12288K, 100% used [0x00000000d5580000,0x00000000d6180000,0x00000000d6180000)
  from space 1024K, 50% used [0x00000000d6300000,0x00000000d6380010,0x00000000d6400000)
  to   space 1024K, 0% used [0x00000000d6200000,0x00000000d6200000,0x00000000d6300000)
 ParOldGen       total 68608K, used 50538K [0x0000000080000000, 0x0000000084300000, 0x00000000d5580000)
  object space 68608K, 73% used [0x0000000080000000,0x000000008315a9a8,0x0000000084300000)
 Metaspace       used 71415K, committed 72960K, reserved 1114112K
  class space    used 8905K, committed 9600K, reserved 1048576K
}
Event: 64.074 GC heap after
{Heap after GC invocations=80 (full 3):
 PSYoungGen      total 13312K, used 736K [0x00000000d5580000, 0x00000000d6380000, 0x0000000100000000)
  eden space 12288K, 0% used [0x00000000d5580000,0x00000000d5580000,0x00000000d6180000)
  from space 1024K, 71% used [0x00000000d6200000,0x00000000d62b8000,0x00000000d6300000)
  to   space 512K, 0% used [0x00000000d6300000,0x00000000d6300000,0x00000000d6380000)
 ParOldGen       total 68608K, used 51631K [0x0000000080000000, 0x0000000084300000, 0x00000000d5580000)
  object space 68608K, 75% used [0x0000000080000000,0x000000008326bec8,0x0000000084300000)
 Metaspace       used 71415K, committed 72960K, reserved 1114112K
  class space    used 8905K, committed 9600K, reserved 1048576K
}
Event: 64.795 GC heap before
{Heap before GC invocations=81 (full 3):
 PSYoungGen      total 13312K, used 13024K [0x00000000d5580000, 0x00000000d6380000, 0x0000000100000000)
  eden space 12288K, 100% used [0x00000000d5580000,0x00000000d6180000,0x00000000d6180000)
  from space 1024K, 71% used [0x00000000d6200000,0x00000000d62b8000,0x00000000d6300000)
  to   space 512K, 0% used [0x00000000d6300000,0x00000000d6300000,0x00000000d6380000)
 ParOldGen       total 68608K, used 51631K [0x0000000080000000, 0x0000000084300000, 0x00000000d5580000)
  object space 68608K, 75% used [0x0000000080000000,0x000000008326bec8,0x0000000084300000)
 Metaspace       used 72454K, committed 73984K, reserved 1114112K
  class space    used 8996K, committed 9728K, reserved 1048576K
}
Event: 64.799 GC heap after
{Heap after GC invocations=81 (full 3):
 PSYoungGen      total 11776K, used 480K [0x00000000d5580000, 0x00000000d6680000, 0x0000000100000000)
  eden space 11264K, 0% used [0x00000000d5580000,0x00000000d5580000,0x00000000d6080000)
  from space 512K, 93% used [0x00000000d6300000,0x00000000d6378020,0x00000000d6380000)
  to   space 2560K, 0% used [0x00000000d6080000,0x00000000d6080000,0x00000000d6300000)
 ParOldGen       total 68608K, used 53161K [0x0000000080000000, 0x0000000084300000, 0x00000000d5580000)
  object space 68608K, 77% used [0x0000000080000000,0x00000000833ea408,0x0000000084300000)
 Metaspace       used 72454K, committed 73984K, reserved 1114112K
  class space    used 8996K, committed 9728K, reserved 1048576K
}
Event: 65.495 GC heap before
{Heap before GC invocations=82 (full 3):
 PSYoungGen      total 11776K, used 11744K [0x00000000d5580000, 0x00000000d6680000, 0x0000000100000000)
  eden space 11264K, 100% used [0x00000000d5580000,0x00000000d6080000,0x00000000d6080000)
  from space 512K, 93% used [0x00000000d6300000,0x00000000d6378020,0x00000000d6380000)
  to   space 2560K, 0% used [0x00000000d6080000,0x00000000d6080000,0x00000000d6300000)
 ParOldGen       total 68608K, used 53161K [0x0000000080000000, 0x0000000084300000, 0x00000000d5580000)
  object space 68608K, 77% used [0x0000000080000000,0x00000000833ea408,0x0000000084300000)
 Metaspace       used 72628K, committed 74240K, reserved 1114112K
  class space    used 8999K, committed 9728K, reserved 1048576K
}
Event: 65.499 GC heap after
{Heap after GC invocations=82 (full 3):
 PSYoungGen      total 13824K, used 2333K [0x00000000d5580000, 0x00000000d6580000, 0x0000000100000000)
  eden space 11264K, 0% used [0x00000000d5580000,0x00000000d5580000,0x00000000d6080000)
  from space 2560K, 91% used [0x00000000d6080000,0x00000000d62c7520,0x00000000d6300000)
  to   space 2560K, 0% used [0x00000000d6300000,0x00000000d6300000,0x00000000d6580000)
 ParOldGen       total 68608K, used 53677K [0x0000000080000000, 0x0000000084300000, 0x00000000d5580000)
  object space 68608K, 78% used [0x0000000080000000,0x000000008346b7a0,0x0000000084300000)
 Metaspace       used 72628K, committed 74240K, reserved 1114112K
  class space    used 8999K, committed 9728K, reserved 1048576K
}
Event: 65.855 GC heap before
{Heap before GC invocations=83 (full 3):
 PSYoungGen      total 13824K, used 13597K [0x00000000d5580000, 0x00000000d6580000, 0x0000000100000000)
  eden space 11264K, 100% used [0x00000000d5580000,0x00000000d6080000,0x00000000d6080000)
  from space 2560K, 91% used [0x00000000d6080000,0x00000000d62c7520,0x00000000d6300000)
  to   space 2560K, 0% used [0x00000000d6300000,0x00000000d6300000,0x00000000d6580000)
 ParOldGen       total 68608K, used 53677K [0x0000000080000000, 0x0000000084300000, 0x00000000d5580000)
  object space 68608K, 78% used [0x0000000080000000,0x000000008346b7a0,0x0000000084300000)
 Metaspace       used 72760K, committed 74368K, reserved 1114112K
  class space    used 9013K, committed 9728K, reserved 1048576K
}
Event: 65.859 GC heap after
{Heap after GC invocations=83 (full 3):
 PSYoungGen      total 11264K, used 2535K [0x00000000d5580000, 0x00000000d6a80000, 0x0000000100000000)
  eden space 8704K, 0% used [0x00000000d5580000,0x00000000d5580000,0x00000000d5e00000)
  from space 2560K, 99% used [0x00000000d6300000,0x00000000d6579f98,0x00000000d6580000)
  to   space 5120K, 0% used [0x00000000d5e00000,0x00000000d5e00000,0x00000000d6300000)
 ParOldGen       total 68608K, used 55834K [0x0000000080000000, 0x0000000084300000, 0x00000000d5580000)
  object space 68608K, 81% used [0x0000000080000000,0x0000000083686b10,0x0000000084300000)
 Metaspace       used 72760K, committed 74368K, reserved 1114112K
  class space    used 9013K, committed 9728K, reserved 1048576K
}
Event: 66.126 GC heap before
{Heap before GC invocations=84 (full 3):
 PSYoungGen      total 11264K, used 11239K [0x00000000d5580000, 0x00000000d6a80000, 0x0000000100000000)
  eden space 8704K, 100% used [0x00000000d5580000,0x00000000d5e00000,0x00000000d5e00000)
  from space 2560K, 99% used [0x00000000d6300000,0x00000000d6579f98,0x00000000d6580000)
  to   space 5120K, 0% used [0x00000000d5e00000,0x00000000d5e00000,0x00000000d6300000)
 ParOldGen       total 68608K, used 55834K [0x0000000080000000, 0x0000000084300000, 0x00000000d5580000)
  object space 68608K, 81% used [0x0000000080000000,0x0000000083686b10,0x0000000084300000)
 Metaspace       used 72783K, committed 74368K, reserved 1114112K
  class space    used 9013K, committed 9728K, reserved 1048576K
}
Event: 66.128 GC heap after
{Heap after GC invocations=84 (full 3):
 PSYoungGen      total 10752K, used 2021K [0x00000000d5580000, 0x00000000d6400000, 0x0000000100000000)
  eden space 8704K, 0% used [0x00000000d5580000,0x00000000d5580000,0x00000000d5e00000)
  from space 2048K, 98% used [0x00000000d5e00000,0x00000000d5ff9430,0x00000000d6000000)
  to   space 3072K, 0% used [0x00000000d6100000,0x00000000d6100000,0x00000000d6400000)
 ParOldGen       total 68608K, used 58189K [0x0000000080000000, 0x0000000084300000, 0x00000000d5580000)
  object space 68608K, 84% used [0x0000000080000000,0x00000000838d3450,0x0000000084300000)
 Metaspace       used 72783K, committed 74368K, reserved 1114112K
  class space    used 9013K, committed 9728K, reserved 1048576K
}
Event: 66.234 GC heap before
{Heap before GC invocations=85 (full 3):
 PSYoungGen      total 10752K, used 10725K [0x00000000d5580000, 0x00000000d6400000, 0x0000000100000000)
  eden space 8704K, 100% used [0x00000000d5580000,0x00000000d5e00000,0x00000000d5e00000)
  from space 2048K, 98% used [0x00000000d5e00000,0x00000000d5ff9430,0x00000000d6000000)
  to   space 3072K, 0% used [0x00000000d6100000,0x00000000d6100000,0x00000000d6400000)
 ParOldGen       total 68608K, used 58189K [0x0000000080000000, 0x0000000084300000, 0x00000000d5580000)
  object space 68608K, 84% used [0x0000000080000000,0x00000000838d3450,0x0000000084300000)
 Metaspace       used 72790K, committed 74368K, reserved 1114112K
  class space    used 9013K, committed 9728K, reserved 1048576K
}
Event: 66.236 GC heap after
{Heap after GC invocations=85 (full 3):
 PSYoungGen      total 11264K, used 2252K [0x00000000d5580000, 0x00000000d6380000, 0x0000000100000000)
  eden space 8704K, 0% used [0x00000000d5580000,0x00000000d5580000,0x00000000d5e00000)
  from space 2560K, 87% used [0x00000000d6100000,0x00000000d6333170,0x00000000d6380000)
  to   space 2560K, 0% used [0x00000000d5e80000,0x00000000d5e80000,0x00000000d6100000)
 ParOldGen       total 68608K, used 60013K [0x0000000080000000, 0x0000000084300000, 0x00000000d5580000)
  object space 68608K, 87% used [0x0000000080000000,0x0000000083a9b4a0,0x0000000084300000)
 Metaspace       used 72790K, committed 74368K, reserved 1114112K
  class space    used 9013K, committed 9728K, reserved 1048576K
}
Event: 66.374 GC heap before
{Heap before GC invocations=86 (full 3):
 PSYoungGen      total 11264K, used 10956K [0x00000000d5580000, 0x00000000d6380000, 0x0000000100000000)
  eden space 8704K, 100% used [0x00000000d5580000,0x00000000d5e00000,0x00000000d5e00000)
  from space 2560K, 87% used [0x00000000d6100000,0x00000000d6333170,0x00000000d6380000)
  to   space 2560K, 0% used [0x00000000d5e80000,0x00000000d5e80000,0x00000000d6100000)
 ParOldGen       total 68608K, used 60013K [0x0000000080000000, 0x0000000084300000, 0x00000000d5580000)
  object space 68608K, 87% used [0x0000000080000000,0x0000000083a9b4a0,0x0000000084300000)
 Metaspace       used 72792K, committed 74368K, reserved 1114112K
  class space    used 9013K, committed 9728K, reserved 1048576K
}
Event: 66.377 GC heap after
{Heap after GC invocations=86 (full 3):
 PSYoungGen      total 10240K, used 1312K [0x00000000d5580000, 0x00000000d6200000, 0x0000000100000000)
  eden space 8704K, 0% used [0x00000000d5580000,0x00000000d5580000,0x00000000d5e00000)
  from space 1536K, 85% used [0x00000000d5e80000,0x00000000d5fc8000,0x00000000d6000000)
  to   space 2048K, 0% used [0x00000000d6000000,0x00000000d6000000,0x00000000d6200000)
 ParOldGen       total 68608K, used 62132K [0x0000000080000000, 0x0000000084300000, 0x00000000d5580000)
  object space 68608K, 90% used [0x0000000080000000,0x0000000083cad378,0x0000000084300000)
 Metaspace       used 72792K, committed 74368K, reserved 1114112K
  class space    used 9013K, committed 9728K, reserved 1048576K
}
Event: 66.574 GC heap before
{Heap before GC invocations=87 (full 3):
 PSYoungGen      total 10240K, used 10016K [0x00000000d5580000, 0x00000000d6200000, 0x0000000100000000)
  eden space 8704K, 100% used [0x00000000d5580000,0x00000000d5e00000,0x00000000d5e00000)
  from space 1536K, 85% used [0x00000000d5e80000,0x00000000d5fc8000,0x00000000d6000000)
  to   space 2048K, 0% used [0x00000000d6000000,0x00000000d6000000,0x00000000d6200000)
 ParOldGen       total 68608K, used 62132K [0x0000000080000000, 0x0000000084300000, 0x00000000d5580000)
  object space 68608K, 90% used [0x0000000080000000,0x0000000083cad378,0x0000000084300000)
 Metaspace       used 72794K, committed 74368K, reserved 1114112K
  class space    used 9013K, committed 9728K, reserved 1048576K
}
Event: 66.575 GC heap after
{Heap after GC invocations=87 (full 3):
 PSYoungGen      total 9728K, used 1012K [0x00000000d5580000, 0x00000000d6100000, 0x0000000100000000)
  eden space 8704K, 0% used [0x00000000d5580000,0x00000000d5580000,0x00000000d5e00000)
  from space 1024K, 98% used [0x00000000d6000000,0x00000000d60fd350,0x00000000d6100000)
  to   space 1536K, 0% used [0x00000000d5e00000,0x00000000d5e00000,0x00000000d5f80000)
 ParOldGen       total 68608K, used 63364K [0x0000000080000000, 0x0000000084300000, 0x00000000d5580000)
  object space 68608K, 92% used [0x0000000080000000,0x0000000083de13b8,0x0000000084300000)
 Metaspace       used 72794K, committed 74368K, reserved 1114112K
  class space    used 9013K, committed 9728K, reserved 1048576K
}
Event: 66.705 GC heap before
{Heap before GC invocations=88 (full 3):
 PSYoungGen      total 9728K, used 9716K [0x00000000d5580000, 0x00000000d6100000, 0x0000000100000000)
  eden space 8704K, 100% used [0x00000000d5580000,0x00000000d5e00000,0x00000000d5e00000)
  from space 1024K, 98% used [0x00000000d6000000,0x00000000d60fd350,0x00000000d6100000)
  to   space 1536K, 0% used [0x00000000d5e00000,0x00000000d5e00000,0x00000000d5f80000)
 ParOldGen       total 68608K, used 63364K [0x0000000080000000, 0x0000000084300000, 0x00000000d5580000)
  object space 68608K, 92% used [0x0000000080000000,0x0000000083de13b8,0x0000000084300000)
 Metaspace       used 72794K, committed 74368K, reserved 1114112K
  class space    used 9013K, committed 9728K, reserved 1048576K
}
Event: 66.708 GC heap after
{Heap after GC invocations=88 (full 3):
 PSYoungGen      total 10240K, used 384K [0x00000000d5580000, 0x00000000d6080000, 0x0000000100000000)
  eden space 8704K, 0% used [0x00000000d5580000,0x00000000d5580000,0x00000000d5e00000)
  from space 1536K, 25% used [0x00000000d5e00000,0x00000000d5e60000,0x00000000d5f80000)
  to   space 1024K, 0% used [0x00000000d5f80000,0x00000000d5f80000,0x00000000d6080000)
 ParOldGen       total 68608K, used 64164K [0x0000000080000000, 0x0000000084300000, 0x00000000d5580000)
  object space 68608K, 93% used [0x0000000080000000,0x0000000083ea91b8,0x0000000084300000)
 Metaspace       used 72794K, committed 74368K, reserved 1114112K
  class space    used 9013K, committed 9728K, reserved 1048576K
}
Event: 66.787 GC heap before
{Heap before GC invocations=89 (full 3):
 PSYoungGen      total 10240K, used 9088K [0x00000000d5580000, 0x00000000d6080000, 0x0000000100000000)
  eden space 8704K, 100% used [0x00000000d5580000,0x00000000d5e00000,0x00000000d5e00000)
  from space 1536K, 25% used [0x00000000d5e00000,0x00000000d5e60000,0x00000000d5f80000)
  to   space 1024K, 0% used [0x00000000d5f80000,0x00000000d5f80000,0x00000000d6080000)
 ParOldGen       total 68608K, used 64164K [0x0000000080000000, 0x0000000084300000, 0x00000000d5580000)
  object space 68608K, 93% used [0x0000000080000000,0x0000000083ea91b8,0x0000000084300000)
 Metaspace       used 72794K, committed 74368K, reserved 1114112K
  class space    used 9013K, committed 9728K, reserved 1048576K
}
Event: 66.791 GC heap after
{Heap after GC invocations=89 (full 3):
 PSYoungGen      total 9216K, used 288K [0x00000000d5580000, 0x00000000d6000000, 0x0000000100000000)
  eden space 8704K, 0% used [0x00000000d5580000,0x00000000d5580000,0x00000000d5e00000)
  from space 512K, 56% used [0x00000000d5f80000,0x00000000d5fc8000,0x00000000d6000000)
  to   space 512K, 0% used [0x00000000d5f00000,0x00000000d5f00000,0x00000000d5f80000)
 ParOldGen       total 68608K, used 64341K [0x0000000080000000, 0x0000000084300000, 0x00000000d5580000)
  object space 68608K, 93% used [0x0000000080000000,0x0000000083ed5798,0x0000000084300000)
 Metaspace       used 72794K, committed 74368K, reserved 1114112K
  class space    used 9013K, committed 9728K, reserved 1048576K
}

