# JRE version: Java(TM) SE Runtime Environment (22.0.2+9) (build 22.0.2+9-70)
# Java VM: Java HotSpot(TM) 64-Bit Server VM (22.0.2+9-70, mixed mode, sharing, tiered, compressed oops, compressed class ptrs, g1 gc, windows-amd64)
GC Precious Log:
 CardTable entry size: 512
 Card Set container configuration: InlinePtr #cards 5 size 8 Array Of Cards #cards 12 size 40 Howl #buckets 4 coarsen threshold 1843 Howl Bitmap #cards 512 size 80 coarsen threshold 460 Card regions per heap region 1 cards per card region 2048
 CPUs: 16 total, 16 available
 Memory: 15712M
 Large Page Support: Disabled
 NUMA Support: Disabled
 Compressed Oops: Enabled (32-bit)
 Heap Region Size: 1M
 Heap Min Capacity: 8M
 Heap Initial Capacity: 246M
 Heap Max Capacity: 2G
 Pre-touch: Disabled
 Parallel Workers: 13
 Concurrent Workers: 3
 Concurrent Refinement Workers: 13
 Periodic GC: Disabled
Heap:
 garbage-first heap   total reserved 2097152K, committed 416768K, used 383294K [0x0000000080000000, 0x0000000100000000)
  region size 1024K, 137 young (140288K), 6 survivors (6144K)
 Metaspace       used 207969K, committed 211072K, reserved 1245184K
  class space    used 27374K, committed 28864K, reserved 1048576K
GC Heap History (20 events):
Event: 62.302 GC heap before
{Heap before GC invocations=64 (full 0):
 garbage-first heap   total reserved 2097152K, committed 337920K, used 316311K [0x0000000080000000, 0x0000000100000000)
  region size 1024K, 112 young (114688K), 10 survivors (10240K)
 Metaspace       used 183098K, committed 186112K, reserved 1245184K
  class space    used 24150K, committed 25600K, reserved 1048576K
}
Event: 62.318 GC heap after
{Heap after GC invocations=65 (full 0):
 garbage-first heap   total reserved 2097152K, committed 347136K, used 215040K [0x0000000080000000, 0x0000000100000000)
  region size 1024K, 14 young (14336K), 14 survivors (14336K)
 Metaspace       used 183098K, committed 186112K, reserved 1245184K
  class space    used 24150K, committed 25600K, reserved 1048576K
}
Event: 62.367 GC heap before
{Heap before GC invocations=65 (full 0):
 garbage-first heap   total reserved 2097152K, committed 347136K, used 223232K [0x0000000080000000, 0x0000000100000000)
  region size 1024K, 23 young (23552K), 14 survivors (14336K)
 Metaspace       used 183106K, committed 186112K, reserved 1245184K
  class space    used 24150K, committed 25600K, reserved 1048576K
}
Event: 62.374 GC heap after
{Heap after GC invocations=66 (full 0):
 garbage-first heap   total reserved 2097152K, committed 347136K, used 212543K [0x0000000080000000, 0x0000000100000000)
  region size 1024K, 4 young (4096K), 4 survivors (4096K)
 Metaspace       used 183106K, committed 186112K, reserved 1245184K
  class space    used 24150K, committed 25600K, reserved 1048576K
}
Event: 63.758 GC heap before
{Heap before GC invocations=67 (full 0):
 garbage-first heap   total reserved 2097152K, committed 365568K, used 306751K [0x0000000080000000, 0x0000000100000000)
  region size 1024K, 89 young (91136K), 4 survivors (4096K)
 Metaspace       used 183460K, committed 186496K, reserved 1245184K
  class space    used 24163K, committed 25664K, reserved 1048576K
}
Event: 63.766 GC heap after
{Heap after GC invocations=68 (full 0):
 garbage-first heap   total reserved 2097152K, committed 365568K, used 228751K [0x0000000080000000, 0x0000000100000000)
  region size 1024K, 12 young (12288K), 12 survivors (12288K)
 Metaspace       used 183460K, committed 186496K, reserved 1245184K
  class space    used 24163K, committed 25664K, reserved 1048576K
}
Event: 64.413 GC heap before
{Heap before GC invocations=68 (full 0):
 garbage-first heap   total reserved 2097152K, committed 365568K, used 319887K [0x0000000080000000, 0x0000000100000000)
  region size 1024K, 101 young (103424K), 12 survivors (12288K)
 Metaspace       used 183511K, committed 186624K, reserved 1245184K
  class space    used 24163K, committed 25664K, reserved 1048576K
}
Event: 64.434 GC heap after
{Heap after GC invocations=69 (full 0):
 garbage-first heap   total reserved 2097152K, committed 365568K, used 235450K [0x0000000080000000, 0x0000000100000000)
  region size 1024K, 13 young (13312K), 13 survivors (13312K)
 Metaspace       used 183511K, committed 186624K, reserved 1245184K
  class space    used 24163K, committed 25664K, reserved 1048576K
}
Event: 64.566 GC heap before
{Heap before GC invocations=69 (full 0):
 garbage-first heap   total reserved 2097152K, committed 365568K, used 250810K [0x0000000080000000, 0x0000000100000000)
  region size 1024K, 29 young (29696K), 13 survivors (13312K)
 Metaspace       used 183550K, committed 186688K, reserved 1245184K
  class space    used 24164K, committed 25664K, reserved 1048576K
}
Event: 64.574 GC heap after
{Heap after GC invocations=70 (full 0):
 garbage-first heap   total reserved 2097152K, committed 365568K, used 242040K [0x0000000080000000, 0x0000000100000000)
  region size 1024K, 5 young (5120K), 5 survivors (5120K)
 Metaspace       used 183550K, committed 186688K, reserved 1245184K
  class space    used 24164K, committed 25664K, reserved 1048576K
}
Event: 65.670 GC heap before
{Heap before GC invocations=71 (full 0):
 garbage-first heap   total reserved 2097152K, committed 404480K, used 322936K [0x0000000080000000, 0x0000000100000000)
  region size 1024K, 84 young (86016K), 5 survivors (5120K)
 Metaspace       used 185997K, committed 189056K, reserved 1245184K
  class space    used 24406K, committed 25856K, reserved 1048576K
}
Event: 65.676 GC heap after
{Heap after GC invocations=72 (full 0):
 garbage-first heap   total reserved 2097152K, committed 404480K, used 246112K [0x0000000080000000, 0x0000000100000000)
  region size 1024K, 10 young (10240K), 10 survivors (10240K)
 Metaspace       used 185997K, committed 189056K, reserved 1245184K
  class space    used 24406K, committed 25856K, reserved 1048576K
}
Event: 67.439 GC heap before
{Heap before GC invocations=72 (full 0):
 garbage-first heap   total reserved 2097152K, committed 404480K, used 359776K [0x0000000080000000, 0x0000000100000000)
  region size 1024K, 116 young (118784K), 10 survivors (10240K)
 Metaspace       used 193643K, committed 196736K, reserved 1245184K
  class space    used 25394K, committed 26880K, reserved 1048576K
}
Event: 67.447 GC heap after
{Heap after GC invocations=73 (full 0):
 garbage-first heap   total reserved 2097152K, committed 404480K, used 244448K [0x0000000080000000, 0x0000000100000000)
  region size 1024K, 13 young (13312K), 13 survivors (13312K)
 Metaspace       used 193643K, committed 196736K, reserved 1245184K
  class space    used 25394K, committed 26880K, reserved 1048576K
}
Event: 68.119 GC heap before
{Heap before GC invocations=73 (full 0):
 garbage-first heap   total reserved 2097152K, committed 404480K, used 292576K [0x0000000080000000, 0x0000000100000000)
  region size 1024K, 61 young (62464K), 13 survivors (13312K)
 Metaspace       used 196669K, committed 199808K, reserved 1245184K
  class space    used 25812K, committed 27328K, reserved 1048576K
}
Event: 68.126 GC heap after
{Heap after GC invocations=74 (full 0):
 garbage-first heap   total reserved 2097152K, committed 404480K, used 247901K [0x0000000080000000, 0x0000000100000000)
  region size 1024K, 11 young (11264K), 11 survivors (11264K)
 Metaspace       used 196669K, committed 199808K, reserved 1245184K
  class space    used 25812K, committed 27328K, reserved 1048576K
}
Event: 69.843 GC heap before
{Heap before GC invocations=75 (full 0):
 garbage-first heap   total reserved 2097152K, committed 416768K, used 365661K [0x0000000080000000, 0x0000000100000000)
  region size 1024K, 125 young (128000K), 11 survivors (11264K)
 Metaspace       used 196845K, committed 199936K, reserved 1245184K
  class space    used 25813K, committed 27328K, reserved 1048576K
}
Event: 69.851 GC heap after
{Heap after GC invocations=76 (full 0):
 garbage-first heap   total reserved 2097152K, committed 416768K, used 252240K [0x0000000080000000, 0x0000000100000000)
  region size 1024K, 8 young (8192K), 8 survivors (8192K)
 Metaspace       used 196845K, committed 199936K, reserved 1245184K
  class space    used 25813K, committed 27328K, reserved 1048576K
}
Event: 71.272 GC heap before
{Heap before GC invocations=76 (full 0):
 garbage-first heap   total reserved 2097152K, committed 416768K, used 385360K [0x0000000080000000, 0x0000000100000000)
  region size 1024K, 137 young (140288K), 8 survivors (8192K)
 Metaspace       used 198299K, committed 201344K, reserved 1245184K
  class space    used 25854K, committed 27328K, reserved 1048576K
}
Event: 71.276 GC heap after
{Heap after GC invocations=77 (full 0):
 garbage-first heap   total reserved 2097152K, committed 416768K, used 249150K [0x0000000080000000, 0x0000000100000000)
  region size 1024K, 6 young (6144K), 6 survivors (6144K)
 Metaspace       used 198299K, committed 201344K, reserved 1245184K
  class space    used 25854K, committed 27328K, reserved 1048576K
}

