# JRE version: OpenJDK Runtime Environment Temurin-21.0.10+7 (21.0.10+7) (build 21.0.10+7-LTS)
# Java VM: OpenJDK 64-Bit Server VM Temurin-21.0.10+7 (21.0.10+7-LTS, mixed mode, sharing, tiered, compressed oops, compressed class ptrs, parallel gc, windows-amd64)
GC Precious Log:
 CardTable entry size: 512
 CPUs: 16 total, 16 available
 Memory: 15712M
 Large Page Support: Disabled
 NUMA Support: Disabled
 Compressed Oops: Enabled (32-bit)
 Alignments: Space 512K, Generation 512K, Heap 2M
 Heap Min Capacity: 100M
 Heap Initial Capacity: 100M
 Heap Max Capacity: 2G
 Pre-touch: Disabled
 Parallel Workers: 13
Heap:
 PSYoungGen      total 13312K, used 12992K [0x00000000d5580000, 0x00000000d6400000, 0x0000000100000000)
  eden space 12800K, 100% used [0x00000000d5580000,0x00000000d6200000,0x00000000d6200000)
  from space 512K, 37% used [0x00000000d6300000,0x00000000d6330000,0x00000000d6380000)
  to   space 512K, 0% used [0x00000000d6380000,0x00000000d6380000,0x00000000d6400000)
 ParOldGen       total 68608K, used 44720K [0x0000000080000000, 0x0000000084300000, 0x00000000d5580000)
  object space 68608K, 65% used [0x0000000080000000,0x0000000082bac100,0x0000000084300000)
 Metaspace       used 62565K, committed 64064K, reserved 1114112K
  class space    used 7900K, committed 8576K, reserved 1048576K
GC Heap History (20 events):
Event: 12.459 GC heap before
{Heap before GC invocations=51 (full 3):
 PSYoungGen      total 13312K, used 13088K [0x00000000d5580000, 0x00000000d6580000, 0x0000000100000000)
  eden space 12800K, 100% used [0x00000000d5580000,0x00000000d6200000,0x00000000d6200000)
  from space 512K, 56% used [0x00000000d6400000,0x00000000d6448000,0x00000000d6480000)
  to   space 1024K, 0% used [0x00000000d6480000,0x00000000d6480000,0x00000000d6580000)
 ParOldGen       total 68608K, used 42663K [0x0000000080000000, 0x0000000084300000, 0x00000000d5580000)
  object space 68608K, 62% used [0x0000000080000000,0x00000000829a9ed8,0x0000000084300000)
 Metaspace       used 59290K, committed 60608K, reserved 1114112K
  class space    used 7427K, committed 8064K, reserved 1048576K
}
Event: 12.461 GC heap after
{Heap after GC invocations=51 (full 3):
 PSYoungGen      total 13824K, used 1021K [0x00000000d5580000, 0x00000000d6580000, 0x0000000100000000)
  eden space 12800K, 0% used [0x00000000d5580000,0x00000000d5580000,0x00000000d6200000)
  from space 1024K, 99% used [0x00000000d6480000,0x00000000d657f5b0,0x00000000d6580000)
  to   space 1536K, 0% used [0x00000000d6280000,0x00000000d6280000,0x00000000d6400000)
 ParOldGen       total 68608K, used 42743K [0x0000000080000000, 0x0000000084300000, 0x00000000d5580000)
  object space 68608K, 62% used [0x0000000080000000,0x00000000829bdee8,0x0000000084300000)
 Metaspace       used 59290K, committed 60608K, reserved 1114112K
  class space    used 7427K, committed 8064K, reserved 1048576K
}
Event: 12.603 GC heap before
{Heap before GC invocations=52 (full 3):
 PSYoungGen      total 13824K, used 13821K [0x00000000d5580000, 0x00000000d6580000, 0x0000000100000000)
  eden space 12800K, 100% used [0x00000000d5580000,0x00000000d6200000,0x00000000d6200000)
  from space 1024K, 99% used [0x00000000d6480000,0x00000000d657f5b0,0x00000000d6580000)
  to   space 1536K, 0% used [0x00000000d6280000,0x00000000d6280000,0x00000000d6400000)
 ParOldGen       total 68608K, used 42743K [0x0000000080000000, 0x0000000084300000, 0x00000000d5580000)
  object space 68608K, 62% used [0x0000000080000000,0x00000000829bdee8,0x0000000084300000)
 Metaspace       used 59290K, committed 60608K, reserved 1114112K
  class space    used 7427K, committed 8064K, reserved 1048576K
}
Event: 12.604 GC heap after
{Heap after GC invocations=52 (full 3):
 PSYoungGen      total 14336K, used 192K [0x00000000d5580000, 0x00000000d6500000, 0x0000000100000000)
  eden space 12800K, 0% used [0x00000000d5580000,0x00000000d5580000,0x00000000d6200000)
  from space 1536K, 12% used [0x00000000d6280000,0x00000000d62b0000,0x00000000d6400000)
  to   space 1024K, 0% used [0x00000000d6400000,0x00000000d6400000,0x00000000d6500000)
 ParOldGen       total 68608K, used 42823K [0x0000000080000000, 0x0000000084300000, 0x00000000d5580000)
  object space 68608K, 62% used [0x0000000080000000,0x00000000829d1ee8,0x0000000084300000)
 Metaspace       used 59290K, committed 60608K, reserved 1114112K
  class space    used 7427K, committed 8064K, reserved 1048576K
}
Event: 12.731 GC heap before
{Heap before GC invocations=53 (full 3):
 PSYoungGen      total 14336K, used 12992K [0x00000000d5580000, 0x00000000d6500000, 0x0000000100000000)
  eden space 12800K, 100% used [0x00000000d5580000,0x00000000d6200000,0x00000000d6200000)
  from space 1536K, 12% used [0x00000000d6280000,0x00000000d62b0000,0x00000000d6400000)
  to   space 1024K, 0% used [0x00000000d6400000,0x00000000d6400000,0x00000000d6500000)
 ParOldGen       total 68608K, used 42823K [0x0000000080000000, 0x0000000084300000, 0x00000000d5580000)
  object space 68608K, 62% used [0x0000000080000000,0x00000000829d1ee8,0x0000000084300000)
 Metaspace       used 59290K, committed 60608K, reserved 1114112K
  class space    used 7427K, committed 8064K, reserved 1048576K
}
Event: 12.732 GC heap after
{Heap after GC invocations=53 (full 3):
 PSYoungGen      total 13824K, used 1023K [0x00000000d5580000, 0x00000000d6500000, 0x0000000100000000)
  eden space 12800K, 0% used [0x00000000d5580000,0x00000000d5580000,0x00000000d6200000)
  from space 1024K, 99% used [0x00000000d6400000,0x00000000d64fffe0,0x00000000d6500000)
  to   space 1536K, 0% used [0x00000000d6200000,0x00000000d6200000,0x00000000d6380000)
 ParOldGen       total 68608K, used 43044K [0x0000000080000000, 0x0000000084300000, 0x00000000d5580000)
  object space 68608K, 62% used [0x0000000080000000,0x0000000082a093a0,0x0000000084300000)
 Metaspace       used 59290K, committed 60608K, reserved 1114112K
  class space    used 7427K, committed 8064K, reserved 1048576K
}
Event: 12.846 GC heap before
{Heap before GC invocations=54 (full 3):
 PSYoungGen      total 13824K, used 13823K [0x00000000d5580000, 0x00000000d6500000, 0x0000000100000000)
  eden space 12800K, 100% used [0x00000000d5580000,0x00000000d6200000,0x00000000d6200000)
  from space 1024K, 99% used [0x00000000d6400000,0x00000000d64fffe0,0x00000000d6500000)
  to   space 1536K, 0% used [0x00000000d6200000,0x00000000d6200000,0x00000000d6380000)
 ParOldGen       total 68608K, used 43044K [0x0000000080000000, 0x0000000084300000, 0x00000000d5580000)
  object space 68608K, 62% used [0x0000000080000000,0x0000000082a093a0,0x0000000084300000)
 Metaspace       used 59513K, committed 60800K, reserved 1114112K
  class space    used 7466K, committed 8064K, reserved 1048576K
}
Event: 12.847 GC heap after
{Heap after GC invocations=54 (full 3):
 PSYoungGen      total 14336K, used 384K [0x00000000d5580000, 0x00000000d6480000, 0x0000000100000000)
  eden space 12800K, 0% used [0x00000000d5580000,0x00000000d5580000,0x00000000d6200000)
  from space 1536K, 25% used [0x00000000d6200000,0x00000000d6260000,0x00000000d6380000)
  to   space 1024K, 0% used [0x00000000d6380000,0x00000000d6380000,0x00000000d6480000)
 ParOldGen       total 68608K, used 43116K [0x0000000080000000, 0x0000000084300000, 0x00000000d5580000)
  object space 68608K, 62% used [0x0000000080000000,0x0000000082a1b3a0,0x0000000084300000)
 Metaspace       used 59513K, committed 60800K, reserved 1114112K
  class space    used 7466K, committed 8064K, reserved 1048576K
}
Event: 12.956 GC heap before
{Heap before GC invocations=55 (full 3):
 PSYoungGen      total 14336K, used 13184K [0x00000000d5580000, 0x00000000d6480000, 0x0000000100000000)
  eden space 12800K, 100% used [0x00000000d5580000,0x00000000d6200000,0x00000000d6200000)
  from space 1536K, 25% used [0x00000000d6200000,0x00000000d6260000,0x00000000d6380000)
  to   space 1024K, 0% used [0x00000000d6380000,0x00000000d6380000,0x00000000d6480000)
 ParOldGen       total 68608K, used 43116K [0x0000000080000000, 0x0000000084300000, 0x00000000d5580000)
  object space 68608K, 62% used [0x0000000080000000,0x0000000082a1b3a0,0x0000000084300000)
 Metaspace       used 60990K, committed 62464K, reserved 1114112K
  class space    used 7693K, committed 8384K, reserved 1048576K
}
Event: 12.956 GC heap after
{Heap after GC invocations=55 (full 3):
 PSYoungGen      total 13824K, used 672K [0x00000000d5580000, 0x00000000d6480000, 0x0000000100000000)
  eden space 12800K, 0% used [0x00000000d5580000,0x00000000d5580000,0x00000000d6200000)
  from space 1024K, 65% used [0x00000000d6380000,0x00000000d6428010,0x00000000d6480000)
  to   space 1024K, 0% used [0x00000000d6280000,0x00000000d6280000,0x00000000d6380000)
 ParOldGen       total 68608K, used 43300K [0x0000000080000000, 0x0000000084300000, 0x00000000d5580000)
  object space 68608K, 63% used [0x0000000080000000,0x0000000082a490c0,0x0000000084300000)
 Metaspace       used 60990K, committed 62464K, reserved 1114112K
  class space    used 7693K, committed 8384K, reserved 1048576K
}
Event: 16.683 GC heap before
{Heap before GC invocations=56 (full 3):
 PSYoungGen      total 13824K, used 13472K [0x00000000d5580000, 0x00000000d6480000, 0x0000000100000000)
  eden space 12800K, 100% used [0x00000000d5580000,0x00000000d6200000,0x00000000d6200000)
  from space 1024K, 65% used [0x00000000d6380000,0x00000000d6428010,0x00000000d6480000)
  to   space 1024K, 0% used [0x00000000d6280000,0x00000000d6280000,0x00000000d6380000)
 ParOldGen       total 68608K, used 43300K [0x0000000080000000, 0x0000000084300000, 0x00000000d5580000)
  object space 68608K, 63% used [0x0000000080000000,0x0000000082a490c0,0x0000000084300000)
 Metaspace       used 62419K, committed 63936K, reserved 1114112K
  class space    used 7893K, committed 8576K, reserved 1048576K
}
Event: 16.685 GC heap after
{Heap after GC invocations=56 (full 3):
 PSYoungGen      total 13824K, used 896K [0x00000000d5580000, 0x00000000d6400000, 0x0000000100000000)
  eden space 12800K, 0% used [0x00000000d5580000,0x00000000d5580000,0x00000000d6200000)
  from space 1024K, 87% used [0x00000000d6280000,0x00000000d6360000,0x00000000d6380000)
  to   space 512K, 0% used [0x00000000d6380000,0x00000000d6380000,0x00000000d6400000)
 ParOldGen       total 68608K, used 43820K [0x0000000080000000, 0x0000000084300000, 0x00000000d5580000)
  object space 68608K, 63% used [0x0000000080000000,0x0000000082acb0d0,0x0000000084300000)
 Metaspace       used 62419K, committed 63936K, reserved 1114112K
  class space    used 7893K, committed 8576K, reserved 1048576K
}
Event: 16.938 GC heap before
{Heap before GC invocations=57 (full 3):
 PSYoungGen      total 13824K, used 13696K [0x00000000d5580000, 0x00000000d6400000, 0x0000000100000000)
  eden space 12800K, 100% used [0x00000000d5580000,0x00000000d6200000,0x00000000d6200000)
  from space 1024K, 87% used [0x00000000d6280000,0x00000000d6360000,0x00000000d6380000)
  to   space 512K, 0% used [0x00000000d6380000,0x00000000d6380000,0x00000000d6400000)
 ParOldGen       total 68608K, used 43820K [0x0000000080000000, 0x0000000084300000, 0x00000000d5580000)
  object space 68608K, 63% used [0x0000000080000000,0x0000000082acb0d0,0x0000000084300000)
 Metaspace       used 62519K, committed 63936K, reserved 1114112K
  class space    used 7893K, committed 8576K, reserved 1048576K
}
Event: 16.939 GC heap after
{Heap after GC invocations=57 (full 3):
 PSYoungGen      total 13312K, used 160K [0x00000000d5580000, 0x00000000d6400000, 0x0000000100000000)
  eden space 12800K, 0% used [0x00000000d5580000,0x00000000d5580000,0x00000000d6200000)
  from space 512K, 31% used [0x00000000d6380000,0x00000000d63a8000,0x00000000d6400000)
  to   space 512K, 0% used [0x00000000d6300000,0x00000000d6300000,0x00000000d6380000)
 ParOldGen       total 68608K, used 44504K [0x0000000080000000, 0x0000000084300000, 0x00000000d5580000)
  object space 68608K, 64% used [0x0000000080000000,0x0000000082b76100,0x0000000084300000)
 Metaspace       used 62519K, committed 63936K, reserved 1114112K
  class space    used 7893K, committed 8576K, reserved 1048576K
}
Event: 17.029 GC heap before
{Heap before GC invocations=58 (full 3):
 PSYoungGen      total 13312K, used 12960K [0x00000000d5580000, 0x00000000d6400000, 0x0000000100000000)
  eden space 12800K, 100% used [0x00000000d5580000,0x00000000d6200000,0x00000000d6200000)
  from space 512K, 31% used [0x00000000d6380000,0x00000000d63a8000,0x00000000d6400000)
  to   space 512K, 0% used [0x00000000d6300000,0x00000000d6300000,0x00000000d6380000)
 ParOldGen       total 68608K, used 44504K [0x0000000080000000, 0x0000000084300000, 0x00000000d5580000)
  object space 68608K, 64% used [0x0000000080000000,0x0000000082b76100,0x0000000084300000)
 Metaspace       used 62519K, committed 63936K, reserved 1114112K
  class space    used 7893K, committed 8576K, reserved 1048576K
}
Event: 17.030 GC heap after
{Heap after GC invocations=58 (full 3):
 PSYoungGen      total 13312K, used 224K [0x00000000d5580000, 0x00000000d6400000, 0x0000000100000000)
  eden space 12800K, 0% used [0x00000000d5580000,0x00000000d5580000,0x00000000d6200000)
  from space 512K, 43% used [0x00000000d6300000,0x00000000d6338000,0x00000000d6380000)
  to   space 512K, 0% used [0x00000000d6380000,0x00000000d6380000,0x00000000d6400000)
 ParOldGen       total 68608K, used 44552K [0x0000000080000000, 0x0000000084300000, 0x00000000d5580000)
  object space 68608K, 64% used [0x0000000080000000,0x0000000082b82100,0x0000000084300000)
 Metaspace       used 62519K, committed 63936K, reserved 1114112K
  class space    used 7893K, committed 8576K, reserved 1048576K
}
Event: 20.797 GC heap before
{Heap before GC invocations=59 (full 3):
 PSYoungGen      total 13312K, used 13024K [0x00000000d5580000, 0x00000000d6400000, 0x0000000100000000)
  eden space 12800K, 100% used [0x00000000d5580000,0x00000000d6200000,0x00000000d6200000)
  from space 512K, 43% used [0x00000000d6300000,0x00000000d6338000,0x00000000d6380000)
  to   space 512K, 0% used [0x00000000d6380000,0x00000000d6380000,0x00000000d6400000)
 ParOldGen       total 68608K, used 44552K [0x0000000080000000, 0x0000000084300000, 0x00000000d5580000)
  object space 68608K, 64% used [0x0000000080000000,0x0000000082b82100,0x0000000084300000)
 Metaspace       used 62561K, committed 64064K, reserved 1114112K
  class space    used 7900K, committed 8576K, reserved 1048576K
}
Event: 20.797 GC heap after
{Heap after GC invocations=59 (full 3):
 PSYoungGen      total 13312K, used 352K [0x00000000d5580000, 0x00000000d6400000, 0x0000000100000000)
  eden space 12800K, 0% used [0x00000000d5580000,0x00000000d5580000,0x00000000d6200000)
  from space 512K, 68% used [0x00000000d6380000,0x00000000d63d8000,0x00000000d6400000)
  to   space 512K, 0% used [0x00000000d6300000,0x00000000d6300000,0x00000000d6380000)
 ParOldGen       total 68608K, used 44624K [0x0000000080000000, 0x0000000084300000, 0x00000000d5580000)
  object space 68608K, 65% used [0x0000000080000000,0x0000000082b94100,0x0000000084300000)
 Metaspace       used 62561K, committed 64064K, reserved 1114112K
  class space    used 7900K, committed 8576K, reserved 1048576K
}
Event: 25.025 GC heap before
{Heap before GC invocations=60 (full 3):
 PSYoungGen      total 13312K, used 13152K [0x00000000d5580000, 0x00000000d6400000, 0x0000000100000000)
  eden space 12800K, 100% used [0x00000000d5580000,0x00000000d6200000,0x00000000d6200000)
  from space 512K, 68% used [0x00000000d6380000,0x00000000d63d8000,0x00000000d6400000)
  to   space 512K, 0% used [0x00000000d6300000,0x00000000d6300000,0x00000000d6380000)
 ParOldGen       total 68608K, used 44624K [0x0000000080000000, 0x0000000084300000, 0x00000000d5580000)
  object space 68608K, 65% used [0x0000000080000000,0x0000000082b94100,0x0000000084300000)
 Metaspace       used 62564K, committed 64064K, reserved 1114112K
  class space    used 7900K, committed 8576K, reserved 1048576K
}
Event: 25.026 GC heap after
{Heap after GC invocations=60 (full 3):
 PSYoungGen      total 13312K, used 192K [0x00000000d5580000, 0x00000000d6400000, 0x0000000100000000)
  eden space 12800K, 0% used [0x00000000d5580000,0x00000000d5580000,0x00000000d6200000)
  from space 512K, 37% used [0x00000000d6300000,0x00000000d6330000,0x00000000d6380000)
  to   space 512K, 0% used [0x00000000d6380000,0x00000000d6380000,0x00000000d6400000)
 ParOldGen       total 68608K, used 44720K [0x0000000080000000, 0x0000000084300000, 0x00000000d5580000)
  object space 68608K, 65% used [0x0000000080000000,0x0000000082bac100,0x0000000084300000)
 Metaspace       used 62564K, committed 64064K, reserved 1114112K
  class space    used 7900K, committed 8576K, reserved 1048576K
}

